<?xml version="1.0" encoding="UTF-8"?>
<!-- Generated by org.testng.reporters.JUnitReportReporter -->
<testsuite hostname="DESKTOP-VTCNEK2" failures="0" tests="10" name="tests.HomePageTests" time="13.355" errors="1" timestamp="30 ספט׳ 2020 09:26:12 GMT" skipped="9">
  <testcase classname="tests.HomePageTests" name="tc02_7goToMyQuestionsSuccess" time="0.000">
    <skipped/>
  </testcase> <!-- tc02_7goToMyQuestionsSuccess -->
  <testcase classname="tests.HomePageTests" name="tc02_3goToOrdersSuccess" time="0.000">
    <skipped/>
  </testcase> <!-- tc02_3goToOrdersSuccess -->
  <testcase classname="tests.HomePageTests" name="tc02_6goToCommunicationsSuccess" time="0.000">
    <skipped/>
  </testcase> <!-- tc02_6goToCommunicationsSuccess -->
  <testcase classname="tests.HomePageTests" name="tc02_81signOutSuccess" time="0.000">
    <skipped/>
  </testcase> <!-- tc02_81signOutSuccess -->
  <testcase classname="tests.HomePageTests" name="setUp" time="13.355">
    <error message="session not created
from chrome not reachable
  (Session info: chrome=85.0.4183.121)
Build info: version: &#039;3.141.59&#039;, revision: &#039;e82be7d358&#039;, time: &#039;2018-11-14T08:17:03&#039;
System info: host: &#039;DESKTOP-VTCNEK2&#039;, ip: &#039;192.168.125.2&#039;, os.name: &#039;Windows 10&#039;, os.arch: &#039;amd64&#039;, os.version: &#039;10.0&#039;, java.version: &#039;14.0.1&#039;
Driver info: driver.version: ChromeDriver
remote stacktrace: Backtrace:
	Ordinal0 [0x009CD383+3134339]
	Ordinal0 [0x008BA171+2007409]
	Ordinal0 [0x0075AD90+568720]
	Ordinal0 [0x00751364+529252]
	Ordinal0 [0x007519FC+530940]
	Ordinal0 [0x00752C15+535573]
	Ordinal0 [0x0074DFC5+516037]
	Ordinal0 [0x0075BF70+573296]
	Ordinal0 [0x00701916+203030]
	Ordinal0 [0x00700C1D+199709]
	Ordinal0 [0x006FEB0B+191243]
	Ordinal0 [0x006E2E77+77431]
	Ordinal0 [0x006E3E3E+81470]
	Ordinal0 [0x006E3DC9+81353]
	Ordinal0 [0x008D0CD9+2100441]
	GetHandleVerifier [0x00B3B75A+1396954]
	GetHandleVerifier [0x00B3B3D9+1396057]
	GetHandleVerifier [0x00B47126+1444518]
	GetHandleVerifier [0x00B3BCE8+1398376]
	Ordinal0 [0x008C7F51+2064209]
	Ordinal0 [0x008D22EB+2106091]
	Ordinal0 [0x008D2411+2106385]
	Ordinal0 [0x008E49C4+2181572]
	BaseThreadInitThunk [0x76766359+25]
	RtlGetAppContainerNamedObjectPath [0x775A7C24+228]
	RtlGetAppContainerNamedObjectPath [0x775A7BF4+180]
" type="org.openqa.selenium.SessionNotCreatedException">
      <![CDATA[org.openqa.selenium.SessionNotCreatedException: session not created
from chrome not reachable
  (Session info: chrome=85.0.4183.121)
Build info: version: '3.141.59', revision: 'e82be7d358', time: '2018-11-14T08:17:03'
System info: host: 'DESKTOP-VTCNEK2', ip: '192.168.125.2', os.name: 'Windows 10', os.arch: 'amd64', os.version: '10.0', java.version: '14.0.1'
Driver info: driver.version: ChromeDriver
remote stacktrace: Backtrace:
Ordinal0 [0x009CD383+3134339]
Ordinal0 [0x008BA171+2007409]
Ordinal0 [0x0075AD90+568720]
Ordinal0 [0x00751364+529252]
Ordinal0 [0x007519FC+530940]
Ordinal0 [0x00752C15+535573]
Ordinal0 [0x0074DFC5+516037]
Ordinal0 [0x0075BF70+573296]
Ordinal0 [0x00701916+203030]
Ordinal0 [0x00700C1D+199709]
Ordinal0 [0x006FEB0B+191243]
Ordinal0 [0x006E2E77+77431]
Ordinal0 [0x006E3E3E+81470]
Ordinal0 [0x006E3DC9+81353]
Ordinal0 [0x008D0CD9+2100441]
GetHandleVerifier [0x00B3B75A+1396954]
GetHandleVerifier [0x00B3B3D9+1396057]
GetHandleVerifier [0x00B47126+1444518]
GetHandleVerifier [0x00B3BCE8+1398376]
Ordinal0 [0x008C7F51+2064209]
Ordinal0 [0x008D22EB+2106091]
Ordinal0 [0x008D2411+2106385]
Ordinal0 [0x008E49C4+2181572]
BaseThreadInitThunk [0x76766359+25]
RtlGetAppContainerNamedObjectPath [0x775A7C24+228]
RtlGetAppContainerNamedObjectPath [0x775A7BF4+180]

at java.base/jdk.internal.reflect.NativeConstructorAccessorImpl.newInstance0(Native Method)
at java.base/jdk.internal.reflect.NativeConstructorAccessorImpl.newInstance(NativeConstructorAccessorImpl.java:62)
at java.base/jdk.internal.reflect.DelegatingConstructorAccessorImpl.newInstance(DelegatingConstructorAccessorImpl.java:45)
at java.base/java.lang.reflect.Constructor.newInstanceWithCaller(Constructor.java:500)
at java.base/java.lang.reflect.Constructor.newInstance(Constructor.java:481)
at org.openqa.selenium.remote.W3CHandshakeResponse.lambda$errorHandler$0(W3CHandshakeResponse.java:62)
at org.openqa.selenium.remote.HandshakeResponse.lambda$getResponseFunction$0(HandshakeResponse.java:30)
at org.openqa.selenium.remote.ProtocolHandshake.lambda$createSession$0(ProtocolHandshake.java:126)
at java.base/java.util.stream.ReferencePipeline$3$1.accept(ReferencePipeline.java:195)
at java.base/java.util.Spliterators$ArraySpliterator.tryAdvance(Spliterators.java:958)
at java.base/java.util.stream.ReferencePipeline.forEachWithCancel(ReferencePipeline.java:127)
at java.base/java.util.stream.AbstractPipeline.copyIntoWithCancel(AbstractPipeline.java:502)
at java.base/java.util.stream.AbstractPipeline.copyInto(AbstractPipeline.java:488)
at java.base/java.util.stream.AbstractPipeline.wrapAndCopyInto(AbstractPipeline.java:474)
at java.base/java.util.stream.FindOps$FindOp.evaluateSequential(FindOps.java:150)
at java.base/java.util.stream.AbstractPipeline.evaluate(AbstractPipeline.java:234)
at java.base/java.util.stream.ReferencePipeline.findFirst(ReferencePipeline.java:543)
at org.openqa.selenium.remote.ProtocolHandshake.createSession(ProtocolHandshake.java:128)
at org.openqa.selenium.remote.ProtocolHandshake.createSession(ProtocolHandshake.java:74)
at org.openqa.selenium.remote.HttpCommandExecutor.execute(HttpCommandExecutor.java:136)
at org.openqa.selenium.remote.service.DriverCommandExecutor.execute(DriverCommandExecutor.java:83)
at org.openqa.selenium.remote.RemoteWebDriver.execute(RemoteWebDriver.java:552)
at org.openqa.selenium.remote.RemoteWebDriver.startSession(RemoteWebDriver.java:213)
at org.openqa.selenium.remote.RemoteWebDriver.<init>(RemoteWebDriver.java:131)
at org.openqa.selenium.chrome.ChromeDriver.<init>(ChromeDriver.java:181)
at org.openqa.selenium.chrome.ChromeDriver.<init>(ChromeDriver.java:168)
at org.openqa.selenium.chrome.ChromeDriver.<init>(ChromeDriver.java:123)
at tests.BaseTest.setUp(BaseTest.java:27)
at java.base/jdk.internal.reflect.NativeMethodAccessorImpl.invoke0(Native Method)
at java.base/jdk.internal.reflect.NativeMethodAccessorImpl.invoke(NativeMethodAccessorImpl.java:62)
at java.base/jdk.internal.reflect.DelegatingMethodAccessorImpl.invoke(DelegatingMethodAccessorImpl.java:43)
at java.base/java.lang.reflect.Method.invoke(Method.java:564)
at org.testng.internal.MethodInvocationHelper.invokeMethod(MethodInvocationHelper.java:124)
at org.testng.internal.MethodInvocationHelper.invokeMethodConsideringTimeout(MethodInvocationHelper.java:59)
at org.testng.internal.Invoker.invokeConfigurationMethod(Invoker.java:458)
at org.testng.internal.Invoker.invokeConfigurations(Invoker.java:222)
at org.testng.internal.Invoker.invokeConfigurations(Invoker.java:142)
at org.testng.internal.TestMethodWorker.invokeBeforeClassMethods(TestMethodWorker.java:168)
at org.testng.internal.TestMethodWorker.run(TestMethodWorker.java:105)
at org.testng.TestRunner.privateRun(TestRunner.java:648)
at org.testng.TestRunner.run(TestRunner.java:505)
at org.testng.SuiteRunner.runTest(SuiteRunner.java:455)
at org.testng.SuiteRunner.runSequentially(SuiteRunner.java:450)
at org.testng.SuiteRunner.privateRun(SuiteRunner.java:415)
at org.testng.SuiteRunner.run(SuiteRunner.java:364)
at org.testng.SuiteRunnerWorker.runSuite(SuiteRunnerWorker.java:52)
at org.testng.SuiteRunnerWorker.run(SuiteRunnerWorker.java:84)
at org.testng.TestNG.runSuitesSequentially(TestNG.java:1208)
at org.testng.TestNG.runSuitesLocally(TestNG.java:1137)
at org.testng.TestNG.runSuites(TestNG.java:1049)
at org.testng.TestNG.run(TestNG.java:1017)
at org.testng.remote.AbstractRemoteTestNG.run(AbstractRemoteTestNG.java:115)
at org.testng.remote.RemoteTestNG.initAndRun(RemoteTestNG.java:251)
at org.testng.remote.RemoteTestNG.main(RemoteTestNG.java:77)
]]>
    </error>
  </testcase> <!-- setUp -->
  <testcase classname="tests.HomePageTests" name="tc02_2goToMyAccountSuccess" time="0.000">
    <skipped/>
  </testcase> <!-- tc02_2goToMyAccountSuccess -->
  <testcase classname="tests.HomePageTests" name="tc02_4goToListsSuccess" time="0.000">
    <skipped/>
  </testcase> <!-- tc02_4goToListsSuccess -->
  <testcase classname="tests.HomePageTests" name="tc02_1searchTestSuccess" time="0.000">
    <skipped/>
  </testcase> <!-- tc02_1searchTestSuccess -->
  <testcase classname="tests.HomePageTests" name="tc02_5goToMyReviewsSuccess" time="0.000">
    <skipped/>
  </testcase> <!-- tc02_5goToMyReviewsSuccess -->
  <testcase classname="tests.HomePageTests" name="tc02_8goToSupportSuccess" time="0.000">
    <skipped/>
  </testcase> <!-- tc02_8goToSupportSuccess -->
</testsuite> <!-- tests.HomePageTests -->
